NIOBTv3_g36825	sp|Q9LVZ7|PDCT1_ARATH	60.5	271	99	3	1	268	19	284	3.8e-80	299.7
NIOBTv3_g56522	sp|P32293|AX22A_VIGRR	59.0	156	43	7	5	145	8	157	3.7e-41	169.1
NIOBTv3_g59312-D2	sp|Q949R9|MPC1_ARATH	71.7	99	28	0	4	102	6	104	1.1e-39	163.7
NIOBTv3_g14905	sp|Q60CZ8|R1A10_SOLDE	34.1	785	425	22	140	902	522	1236	5.8e-100	367.1
NIOBTv3_g13589-D5	sp|Q9C6A1|MTEFE_ARATH	21.1	251	187	3	105	351	151	394	1.7e-05	52.0
NIOBTv3_g13589-D4	sp|Q9C6A1|MTEFE_ARATH	21.5	251	186	3	109	355	151	394	1.3e-05	52.4
NIOBTv3_g13589	sp|Q9C6A1|MTEFE_ARATH	20.9	253	189	3	106	354	151	396	1.7e-05	52.0
NIOBTv3_g08883	sp|Q8LPG9|IQD14_ARATH	45.5	389	152	17	224	588	316	668	1.2e-61	239.2
NIOBTv3_g37917	sp|P93227|FNTA_SOLLC	81.8	346	63	0	1	346	1	346	6.6e-121	435.3
NIOBTv3_g05495	sp|Q6NQK2|NAC8_ARATH	59.2	453	145	9	3	425	5	447	1.5e-143	510.8
NIOBTv3_g14014	sp|B3H615|ING2_ARATH	72.6	263	62	4	1	257	1	259	6.2e-108	391.7
NIOBTv3_g56576-D2	sp|Q84WV1|TCPG_ARATH	87.0	463	58	1	1	463	95	555	2.2e-233	809.3
NIOBTv3_g09735	sp|O22812|AHL10_ARATH	52.2	201	85	4	136	330	156	351	4.4e-42	173.3
NIOBTv3_g10831	sp|Q8S9K7|PEX32_ARATH	54.5	365	157	3	2	365	7	363	9.7e-107	388.3
NIOBTv3_g08593	sp|Q8VYH6|B651B_ARATH	55.6	394	162	5	7	393	14	401	5.3e-122	439.1
NIOBTv3_g05230	sp|O04492|DRB1_ARATH	57.2	243	91	4	1	239	1	234	5.9e-68	259.2
NIOBTv3_g03439-D2	sp|A2RVP7|TI221_ARATH	62.2	164	58	1	1	160	1	164	1.8e-49	196.8
NIOBTv3_g38128	sp|Q93YV5|DA2_ARATH	62.1	293	103	3	1	289	1	289	2.2e-94	347.4
NIOBTv3_g09620	sp|Q9LY43|PP283_ARATH	37.8	333	198	3	1	324	16	348	4.6e-23	110.2
NIOBTv3_g04567-D2	sp|Q9SZL5|PP356_ARATH	46.6	176	72	5	27	202	17	170	8.5e-25	115.9
NIOBTv3_g22663	sp|Q058P4|PUB30_ARATH	62.5	451	165	2	1	450	1	448	2.1e-151	537.0
NIOBTv3_g22661	sp|Q9SY57|P2A10_ARATH	52.0	415	178	5	3	414	4	400	2.1e-113	410.6
NIOBTv3_g31061	sp|Q9SLA8|FABI_ARATH	66.2	391	124	3	1	387	1	387	4.1e-127	456.1
NIOBTv3_g02724	sp|Q9FHE4|BRG1_ARATH	39.8	103	53	4	236	333	192	290	9.5e-08	59.3
NIOBTv3_g03164	sp|P24397|HY6H_HYONI	45.7	350	174	8	1	340	1	344	1.2e-79	298.1
NIOBTv3_g40206	sp|Q9SU50|TRE1_ARATH	58.1	554	226	4	35	584	74	625	2.4e-192	673.3
NIOBTv3_g28483	sp|Q94AR6|DOF31_ARATH	87.3	55	7	0	60	114	27	81	6.6e-26	119.4
NIOBTv3_g27813	sp|Q9C637|RLP6_ARATH	37.3	303	158	9	9	290	10	301	8.5e-33	144.1
NIOBTv3_g05384	sp|Q55FA4|RPA43_DICDI	25.7	179	127	4	5	180	20	195	1.6e-09	64.7
NIOBTv3_g00485	sp|P50218|IDHC_TOBAC	91.1	414	37	0	72	485	1	414	8.6e-228	790.8
NIOBTv3_g17408	sp|Q9ZU67|PP162_ARATH	49.0	351	174	2	40	389	45	391	1.3e-88	328.2
NIOBTv3_g56753	sp|Q9ATF5|RL18A_CASSA	90.4	178	17	0	17	194	1	178	8.8e-91	334.3
NIOBTv3_g36804	sp|Q9C8S9|RH48_ARATH	56.9	792	301	12	1	771	26	798	2.5e-237	823.2
NIOBTv3_g09414	sp|Q9VKV8|CFA20_DROME	82.4	188	33	0	1	188	1	188	2.9e-91	335.9
NIOBTv3_g13148	sp|Q8RWI9|AB15G_ARATH	63.5	676	237	4	33	702	19	690	2.9e-253	875.9
NIOBTv3_g06733	sp|Q1W2L8|GSH1_TOBAC	96.0	523	19	2	1	522	1	522	2.5e-297	1021.9
NIOBTv3_g30304	sp|Q6F2U9|SYK_ORYSJ	80.5	532	96	4	48	578	78	602	7.6e-255	880.9
NIOBTv3_g64599-D2	sp|P62302|RS13_SOYBN	96.0	151	6	0	1	151	1	151	5.1e-78	291.6
NIOBTv3_g00225	sp|P0C896|PP209_ARATH	42.5	362	186	7	54	404	38	388	8.9e-65	249.6
NIOBTv3_g05896	sp|Q9ZT92|AK10B_ARATH	56.6	548	199	15	20	539	28	564	4.8e-142	506.1
NIOBTv3_g61317	sp|O48964|IDI1_CAMAC	88.5	234	27	0	55	288	1	234	4.5e-123	442.2
NIOBTv3_g60862	sp|Q03199|IPIB_TOBAC	47.2	125	45	4	6	127	1	107	9.4e-17	87.8
NIOBTv3_g01623	sp|Q9LEV3|CBSX3_ARATH	76.7	206	47	1	1	205	1	206	4.8e-87	322.0
NIOBTv3_g22623	sp|O04331|PHB3_ARATH	78.6	276	59	0	1	276	1	276	6.9e-113	408.3
NIOBTv3_g16796	sp|Q9LSI9|BIR2_ARATH	65.3	600	193	7	8	601	11	601	4.6e-170	599.4
NIOBTv3_g58648-D3	sp|P49209|RL91_ARATH	84.1	126	20	0	1	126	1	126	6.0e-56	218.0
NIOBTv3_g39411	sp|Q947D2|PRAF1_ARATH	36.6	1112	611	18	11	1070	10	1079	7.1e-190	666.0
NIOBTv3_g07888	sp|F4IPY2|SYCM_ARATH	62.3	507	179	4	7	513	64	558	2.3e-176	620.2
NIOBTv3_g63576-D2	sp|P46291|RL38_SOLLC	98.4	62	1	0	2	63	2	63	2.6e-28	125.2
NIOBTv3_g02501	sp|A2YFT9|SPL10_ORYSI	78.5	65	13	1	54	118	182	245	4.8e-22	105.9
NIOBTv3_g38715	sp|Q93ZQ5|SPXM3_ARATH	79.7	700	133	4	1	692	1	699	2.7e-307	1055.4
NIOBTv3_g25298	sp|Q9LZC5|GDL73_ARATH	70.3	350	94	2	12	351	5	354	7.6e-141	501.5
NIOBTv3_g04939	sp|Q40554|EIF3A_TOBAC	93.5	958	62	0	1	958	1	958	0.0e+00	1308.9
NIOBTv3_g31119	sp|P40513|MAM33_YEAST	30.0	110	60	4	111	209	159	262	1.7e-05	51.2
NIOBTv3_g29119	sp|O49658|AHL2_ARATH	45.3	327	135	8	8	310	14	320	8.7e-57	222.2
NIOBTv3_g65669	sp|P80497|ATPY_SOLTU	87.0	23	3	0	1	23	3	25	6.8e-06	50.4
NIOBTv3_g12839	sp|Q9FPS9|UBP15_ARATH	45.8	991	358	17	1	934	1	869	5.7e-202	706.1
NIOBTv3_g23051	sp|Q9FM96|PSL4_ARATH	54.6	654	243	13	2	619	12	647	6.4e-111	402.9
NIOBTv3_g66035	sp|O82281|BRXL1_ARATH	60.6	350	110	9	1	341	1	331	3.0e-102	373.2
NIOBTv3_g64002	sp|P42791|RL182_ARATH	87.7	187	23	0	16	202	1	187	8.6e-89	327.8
NIOBTv3_g17732	sp|Q9FMP0|MD19A_ARATH	71.3	115	32	1	1	115	1	114	1.8e-41	170.6
NIOBTv3_g30554-D2	sp|Q8GT20|BEBT_TOBAC	96.1	460	18	0	1	460	1	460	1.7e-262	906.0
NIOBTv3_g23335	sp|P46637|ARGI1_ARATH	88.4	337	36	1	5	338	6	342	1.3e-169	597.0
NIOBTv3_g07769	sp|Q9LFU0|DOT3_ARATH	48.8	537	245	7	3	533	1	513	7.6e-136	485.7
NIOBTv3_g16210	sp|Q69KJ0|RTL3_ORYSJ	45.9	233	122	2	54	282	39	271	8.0e-51	202.2
NIOBTv3_g34147	sp|Q9SMP0|NFYC1_ARATH	77.7	193	34	3	42	230	46	233	3.4e-73	276.2
NIOBTv3_g37732	sp|Q10B98|C3H25_ORYSJ	67.4	236	67	4	1	233	1	229	2.3e-70	267.3
NIOBTv3_g08991	sp|Q9M3G7|ATM_ARATH	21.1	853	491	24	98	809	25	836	6.1e-08	61.2
NIOBTv3_g57664-D2	sp|Q940P8|TCPB_ARATH	89.3	522	56	0	1	522	3	524	6.8e-263	907.5
NIOBTv3_g05047	sp|Q8L6Z4|RPS9M_ARATH	68.5	178	43	3	169	333	198	375	1.3e-60	235.0
NIOBTv3_g10115	sp|Q9LJG8|ASIL2_ARATH	54.2	107	46	2	54	160	81	184	1.7e-25	118.2
NIOBTv3_g07136	sp|Q8LFP9|ABA4_ARATH	59.3	214	81	4	29	237	8	220	7.5e-63	241.9
NIOBTv3_g11460	sp|Q8TEQ8|PIGO_HUMAN	28.9	218	112	6	390	570	847	1058	1.7e-12	75.9
NIOBTv3_g37478	sp|Q9FI25|BBE27_ARATH	50.7	525	241	9	6	520	11	527	1.1e-146	521.5
NIOBTv3_g16663	sp|F4KGE8|GIL1_ARATH	29.5	400	258	6	72	449	160	557	7.0e-38	159.8
NIOBTv3_g03129	sp|P28583|CDPK_SOYBN	79.3	483	99	1	13	495	19	500	2.7e-200	699.5
NIOBTv3_g02355	sp|Q9LV77|ASNS2_ARATH	86.0	530	74	0	1	530	27	556	2.1e-286	985.7
NIOBTv3_g05492-D2	sp|Q9SKC9|NDUB7_ARATH	70.9	103	22	1	1	95	1	103	3.7e-34	145.2
NIOBTv3_g31774	sp|Q6R0E3|TRP5_ARATH	43.4	689	295	21	1	666	1	617	3.1e-106	387.5
NIOBTv3_g27668	sp|Q7XJE6|MCA1_ARATH	61.2	299	91	3	1	280	16	308	1.1e-101	371.3
NIOBTv3_g34871	sp|Q8GYF7|NUP54_ARATH	77.0	270	60	1	98	365	107	376	3.8e-111	402.9
NIOBTv3_g02348	sp|Q94BR5|CHR28_ARATH	57.6	905	335	10	121	999	98	979	2.1e-276	953.4
NIOBTv3_g15696	sp|Q9FGS8|C2GR2_ARATH	55.2	1031	443	10	1	1021	1	1022	0.0e+00	1116.7
NIOBTv3_g35151	sp|Q9SEZ1|ZHD11_ARATH	44.1	222	100	3	66	283	29	230	8.7e-44	179.1
NIOBTv3_g03737-D5	sp|P43643|EF1A_TOBAC	98.2	447	8	0	1	447	1	447	6.2e-257	887.5
NIOBTv3_g37789-D2	sp|O22527|CLH1_ARATH	43.6	291	152	5	18	301	27	312	8.8e-61	235.3
NIOBTv3_g25068	sp|O65154|KIWI_ARATH	61.0	82	26	3	1	77	1	81	2.8e-16	85.5
NIOBTv3_g36565	sp|P41153|HSF8_SOLPE	77.3	493	76	6	37	503	42	524	3.7e-189	662.5
NIOBTv3_g09851	sp|F4IH25|BOP1_ARATH	71.2	430	119	4	146	573	136	562	5.4e-184	645.6
NIOBTv3_g08071-D2	sp|O80377|RSSA_DAUCA	76.4	301	62	5	1	296	1	297	1.5e-121	437.2
NIOBTv3_g24949	sp|O23160|MYB73_ARATH	51.3	310	111	7	5	307	2	278	4.5e-72	273.1
NIOBTv3_g20834	sp|Q9ZT91|EFTM_ARATH	86.0	456	57	3	1	451	1	454	2.3e-222	772.7
NIOBTv3_g57670	sp|Q52LR7|EPC2_HUMAN	29.1	289	162	11	1	273	1	262	4.5e-13	77.4
NIOBTv3_g10564-D3	sp|Q5Z8P0|P2C60_ORYSJ	76.8	384	89	0	1	384	1	384	3.3e-174	612.5
NIOBTv3_g59918	sp|Q9SS98|OLEO5_ARATH	56.9	167	65	4	29	193	1	162	8.3e-41	168.3
NIOBTv3_g27022	sp|Q9C8T1|AB1I_ARATH	87.7	228	28	0	1	228	1	228	5.7e-113	408.3
NIOBTv3_g17411	sp|Q9ZU65|OFP7_ARATH	59.4	106	40	3	244	347	205	309	6.4e-23	109.8
NIOBTv3_g56916	sp|D9J034|WHY2_SOLTU	87.6	201	24	1	3	203	1	200	4.3e-96	352.1
NIOBTv3_g40245	sp|P32026|DEF_TOBAC	91.7	84	7	0	1	84	22	105	1.8e-40	166.0
NIOBTv3_g16096	sp|P0AAD4|TYRP_ECOLI	27.5	327	204	10	87	396	7	317	2.3e-08	62.0
NIOBTv3_g56124	sp|Q9SKQ4|PP167_ARATH	66.1	558	188	1	20	576	4	561	5.5e-142	506.1
NIOBTv3_g31692	sp|Q93VI8|TLP7_ARATH	75.7	272	58	2	4	267	108	379	1.4e-118	427.2
NIOBTv3_g28435	sp|Q9M2F9|RH52_ARATH	66.0	462	145	6	30	487	113	566	5.0e-171	602.4
NIOBTv3_g35642-D3	sp|Q39202|RLK1_ARATH	42.5	833	374	22	5	756	8	816	5.6e-165	582.8
NIOBTv3_g12688	sp|Q9SS01|AAE20_ARATH	60.3	577	208	5	1	562	1	571	2.6e-202	706.4
NIOBTv3_g19542	sp|Q9S7G6|PNP2_ARATH	66.5	1014	292	9	1	992	1	988	0.0e+00	1273.1
NIOBTv3_g31287	sp|Q6YW64|DRB4_ORYSJ	37.2	199	112	4	56	242	46	243	1.2e-23	112.1
NIOBTv3_g08988	sp|P81396|MYB40_ANTMA	71.5	200	49	4	1	196	1	196	1.0e-73	277.7
NIOBTv3_g28344	sp|Q9SIK7|PSNB_ARATH	58.9	436	139	4	1	435	1	397	1.4e-120	434.5
NIOBTv3_g23211-D2	sp|Q38850|MYB5_ARATH	73.2	123	33	0	6	128	16	138	4.7e-53	209.5
NIOBTv3_g36673	sp|Q9SWS1|ACFR2_ARATH	63.9	263	58	2	1	262	1	227	5.3e-86	318.9
NIOBTv3_g32965	sp|P46300|RS4_SOLTU	95.8	263	11	0	1	263	2	264	2.2e-145	516.2
NIOBTv3_g13257	sp|Q9XES0|DXR_MENPI	85.1	471	66	3	6	473	1	470	1.3e-231	803.5
NIOBTv3_g34505	sp|Q5SWX8|ODR4_HUMAN	24.4	475	282	16	36	487	28	448	1.4e-18	95.9
NIOBTv3_g23349	sp|Q9C6T1|PMK_ARATH	70.7	508	142	3	1	508	4	504	1.5e-198	693.7
NIOBTv3_g33938	sp|Q9LMX8|6PGL1_ARATH	67.3	269	86	2	1	268	1	268	1.4e-99	364.0
NIOBTv3_g03118	sp|Q9FL07|ATL46_ARATH	53.0	332	108	10	28	332	59	369	1.9e-80	300.8
NIOBTv3_g31102-D3	sp|O80800|ACPM2_ARATH	76.7	129	27	3	1	129	1	126	1.2e-46	187.2
NIOBTv3_g41727	sp|Q9ATF5|RL18A_CASSA	91.6	178	15	0	35	212	1	178	1.5e-91	337.0
NIOBTv3_g14229	sp|Q5MAU8|PPA27_ARATH	73.8	526	133	3	3	528	90	610	1.6e-243	843.2
NIOBTv3_g38899	sp|Q9FJU9|E1313_ARATH	70.0	497	141	6	1	491	1	495	1.7e-194	680.2
NIOBTv3_g22855	sp|P69834|ISPD_ARATH	74.3	140	34	1	60	199	56	193	1.3e-52	207.6
NIOBTv3_g60643-D2	sp|Q8VY00|ESP3_ARATH	73.1	804	202	7	158	952	245	1043	0.0e+00	1172.5
NIOBTv3_g32062	sp|P92934|AAP6_ARATH	73.5	490	118	4	4	492	2	480	5.2e-212	738.4
NIOBTv3_g19771	sp|Q9C942|CSE_ARATH	35.7	297	178	5	105	390	29	323	2.5e-44	181.0
NIOBTv3_g07609	sp|Q9C5Z3|EIF3E_ARATH	87.6	434	54	0	5	438	8	441	4.0e-224	778.5
NIOBTv3_g38086	sp|A5YVF1|SGS3_SOLLC	82.3	638	97	4	52	686	1	625	1.0e-295	1016.9
NIOBTv3_g34841	sp|Q9KG32|Y283_BACHD	42.0	288	135	8	10	295	8	265	3.8e-53	209.9
NIOBTv3_g18509	sp|Q55DY8|MFRN_DICDI	41.3	303	163	6	31	320	8	308	4.9e-57	223.0
NIOBTv3_g33704	sp|P52839|SOT12_ARATH	53.3	319	142	4	17	334	11	323	2.1e-92	340.5
NIOBTv3_g38683	sp|Q3E936|MAKR1_ARATH	43.3	150	79	3	204	351	193	338	1.9e-14	81.6
NIOBTv3_g36870	sp|Q9M086|DCAF1_ARATH	54.5	1851	612	30	1	1787	88	1771	0.0e+00	1681.4
NIOBTv3_g12393	sp|Q8RXC8|RBK2_ARATH	57.0	444	170	5	1	426	14	454	1.5e-138	494.2
NIOBTv3_g22830	sp|Q2HIJ8|RHB1A_ARATH	46.7	45	24	0	248	292	135	179	2.2e-09	64.7
NIOBTv3_g38611-D3	sp|Q9FZP1|HPSE3_ARATH	58.2	416	161	5	24	434	24	431	3.8e-145	516.2
NIOBTv3_g21888	sp|O48528|OP163_ARATH	74.5	157	40	0	3	159	2	158	1.2e-61	237.3
NIOBTv3_g35642-D2	sp|Q39202|RLK1_ARATH	42.1	810	361	20	24	747	29	816	3.8e-166	586.6
NIOBTv3_g24703	sp|Q43291|RL211_ARATH	84.1	164	26	0	1	164	1	164	8.0e-77	287.7
NIOBTv3_g09066	sp|A8IXB8|ASNA2_CHLRE	55.0	358	112	6	7	315	4	361	1.1e-93	344.7
NIOBTv3_g13754	sp|P49209|RL91_ARATH	84.5	194	30	0	1	194	1	194	1.7e-89	330.1
NIOBTv3_g12089	sp|Q9C5H5|M3K5G_ARATH	59.6	473	153	9	201	645	184	646	1.1e-145	518.5
NIOBTv3_g12090	sp|Q3YT12|RL25_EHRCJ	31.2	112	76	1	143	254	82	192	3.1e-11	70.5
NIOBTv3_g03372-D2	sp|Q4V399|RSGA1_ARATH	70.4	378	103	3	49	426	1	369	1.4e-152	540.8
NIOBTv3_g32388-D2	sp|P56820|EIF3D_ARATH	74.8	588	119	8	4	570	6	585	1.6e-241	836.6
NIOBTv3_g13702	sp|Q94AC1|STR6_ARATH	65.0	600	169	4	16	613	21	581	1.2e-226	787.3
NIOBTv3_g24860	sp|Q8L840|RQL4A_ARATH	60.3	1195	417	22	10	1185	15	1170	0.0e+00	1288.1
NIOBTv3_g13205	sp|Q8W487|YB95_ARATH	55.6	257	94	8	6	256	7	249	4.2e-48	193.0
NIOBTv3_g07128	sp|O31634|YJCL_BACSU	31.7	397	245	7	78	452	4	396	9.4e-43	176.0
NIOBTv3_g15007	sp|Q8NCG7|DGLB_HUMAN	31.0	168	88	8	97	252	357	508	1.1e-06	56.2
NIOBTv3_g57489	sp|O04202|EIF3F_ARATH	73.2	291	71	2	2	285	3	293	5.1e-119	428.7
NIOBTv3_g05061	sp|Q9SS44|TF2B2_ARATH	76.0	313	71	2	1	310	1	312	1.0e-136	487.6
NIOBTv3_g22006	sp|P01076|MCPI_SOLLC	42.4	85	37	2	6	90	1	73	1.4e-09	63.5
NIOBTv3_g38611	sp|Q9FZP1|HPSE3_ARATH	55.7	533	228	2	4	530	6	536	1.1e-178	627.9
NIOBTv3_g05592	sp|Q6H7U2|C3H13_ORYSJ	30.6	386	235	6	7	375	11	380	7.1e-32	139.8
NIOBTv3_g26176	sp|K4PW38|RSS3_ORYSJ	54.4	450	146	10	11	415	23	458	9.0e-117	421.8
NIOBTv3_g38247	sp|Q84WB7|GINT1_ARATH	65.0	726	246	5	58	776	41	765	5.9e-287	988.0
NIOBTv3_g01365	sp|C5FWH1|LIS1_ARTOC	23.8	214	107	7	309	503	239	415	7.5e-04	47.8
NIOBTv3_g39127-D5	sp|Q38956|DTX29_ARATH	66.4	137	46	0	1	137	311	447	1.4e-45	183.7
NIOBTv3_g02269	sp|Q08891|FACR2_ARATH	49.5	497	239	4	87	575	121	613	4.8e-140	499.6
NIOBTv3_g40447	sp|Q8VZA1|LAC11_ARATH	76.0	555	130	2	11	562	3	557	2.0e-268	926.0
NIOBTv3_g27345	sp|Q9ZPV8|COAD_ARATH	77.0	161	37	0	7	167	3	163	2.1e-67	256.5
NIOBTv3_g10855	sp|O24542|AX22D_VIGRR	63.1	187	61	4	4	185	9	192	6.6e-59	228.4
NIOBTv3_g02538	sp|Q6NLA5|LPPG_ARATH	66.7	222	73	1	3	223	5	226	8.1e-64	245.0
NIOBTv3_g14760-D2	sp|P93092|ACP1_CASGL	69.0	113	33	1	1	113	25	135	3.2e-32	139.0
NIOBTv3_g26758	sp|A0JJZ6|ITPK5_ORYSI	59.8	316	120	4	6	316	14	327	1.1e-102	374.8
NIOBTv3_g20582	sp|Q00081|GLGL1_SOLTU	88.1	470	56	0	59	528	1	470	6.0e-251	867.8
NIOBTv3_g01690	sp|Q7XKE9|CLC1_ORYSJ	54.3	221	94	2	18	238	39	252	9.3e-51	201.8
NIOBTv3_g29879	sp|Q8RXN5|TYW1_ARATH	70.0	647	176	5	6	647	5	638	6.1e-269	927.9
NIOBTv3_g03737-D6	sp|P43643|EF1A_TOBAC	98.9	447	5	0	1	447	1	447	2.3e-259	895.6
NIOBTv3_g32005-D2	sp|Q5M7R3|TM209_XENTR	23.0	174	100	5	119	287	407	551	1.1e-07	58.9
NIOBTv3_g21363	sp|A7IPQ1|RL15_XANP2	47.7	151	75	3	73	222	1	148	1.5e-25	118.2
NIOBTv3_g05753	sp|A7SDW5|EIF3L_NEMVE	44.6	522	270	8	3	514	13	525	2.2e-128	460.7
NIOBTv3_g29327	sp|Q39211|NRPB3_ARATH	81.8	319	57	1	1	318	1	319	9.2e-146	517.7
NIOBTv3_g31351	sp|Q9LKL2|APRR1_ARATH	51.7	147	66	1	9	155	3	144	2.2e-31	136.7
NIOBTv3_g26624	sp|Q84WV1|TCPG_ARATH	86.5	557	68	2	1	557	6	555	5.7e-276	951.0
NIOBTv3_g30650	sp|Q9FGJ4|ACPM3_ARATH	52.7	129	57	2	1	127	1	127	4.0e-26	119.0
NIOBTv3_g30652	sp|Q9SV07|ASAT1_ARATH	44.7	331	180	3	7	335	3	332	9.1e-70	265.4
NIOBTv3_g27272	sp|Q9FN67|Y5133_ARATH	60.7	455	165	7	18	462	5	455	1.7e-156	553.9
NIOBTv3_g41402	sp|Q9ZSY8|IAA27_ARATH	53.3	319	93	9	1	280	3	304	7.1e-73	275.4
NIOBTv3_g15121	sp|Q9DE27|RUVB2_XENLA	76.4	454	106	1	1	454	4	456	2.8e-199	696.0
NIOBTv3_g57589-D5	sp|P38666|RL242_ARATH	93.0	115	8	0	1	115	4	118	2.5e-54	213.0
NIOBTv3_g04231	sp|P51427|RS52_ARATH	83.1	207	34	1	3	209	2	207	7.3e-91	334.7
NIOBTv3_g19812	sp|Q9FUY2|LEUNG_ARATH	43.4	343	177	5	361	699	602	931	6.9e-85	316.6
NIOBTv3_g19812	sp|Q9FUY2|LEUNG_ARATH	38.9	72	44	0	5	76	7	78	2.6e-07	58.9
NIOBTv3_g06344	sp|O82117|CO3_ORYSJ	44.9	69	23	1	219	272	265	333	3.5e-07	57.4
NIOBTv3_g32730	sp|Q9ASX9|BH144_ARATH	58.7	254	77	7	1	236	1	244	1.7e-14	81.3
NIOBTv3_g14699	sp|Q9FN03|UVR8_ARATH	82.4	279	47	1	44	322	5	281	1.4e-133	477.2
NIOBTv3_g41972	sp|Q9XI21|PPR44_ARATH	59.6	470	190	0	155	624	125	594	3.9e-164	579.7
NIOBTv3_g10939	sp|O04856|PP11_TOBAC	98.7	317	4	0	1	317	1	317	3.3e-188	658.7
NIOBTv3_g10154	sp|C0LGH3|Y5614_ARATH	69.5	1011	296	8	33	1034	26	1033	1.9e-248	860.5
NIOBTv3_g24160	sp|P35684|RL3_ORYSJ	87.9	389	47	0	1	389	1	389	2.0e-206	719.5
NIOBTv3_g35841	sp|C0LGI2|Y1677_ARATH	68.1	930	289	3	4	930	5	929	0.0e+00	1202.2
NIOBTv3_g21370	sp|Q9SVM8|RBG2_ARATH	66.9	127	35	2	1	125	1	122	2.9e-38	159.5
NIOBTv3_g05550	sp|Q9ZPR1|CD48B_ARATH	71.5	596	157	4	7	601	11	594	5.6e-232	805.1
NIOBTv3_g56753-D2	sp|Q9ATF5|RL18A_CASSA	91.0	178	16	0	17	194	1	178	3.0e-91	335.9
NIOBTv3_g26310	sp|Q689D6|RPD1_ARATH	34.2	377	229	6	38	408	46	409	5.7e-55	216.5
NIOBTv3_g13358	sp|Q8L557|EM514_ARATH	67.6	105	34	0	96	200	65	169	8.6e-40	165.2
NIOBTv3_g62264	sp|Q40465|IF411_TOBAC	99.3	413	3	0	1	413	1	413	1.6e-235	816.2
NIOBTv3_g15423-D2	sp|O81488|ALFL4_ARATH	82.4	255	42	2	1	253	1	254	1.2e-98	360.9
NIOBTv3_g33899-D2	sp|Q54GN8|NSA2_DICDI	69.1	259	80	0	2	260	2	260	2.2e-100	366.7
NIOBTv3_g32349	sp|Q3UMQ8|NAF1_MOUSE	30.4	138	89	5	334	465	163	299	2.3e-10	69.3
NIOBTv3_g36376	sp|C0LGU5|Y5457_ARATH	71.7	619	164	4	1	618	6	614	3.7e-183	642.9
NIOBTv3_g28897	sp|Q8RXQ1|TBL35_ARATH	70.0	377	109	3	50	422	73	449	5.1e-168	592.0
NIOBTv3_g33107	sp|Q9SK03|RAP27_ARATH	49.6	383	171	8	75	441	61	437	3.2e-86	320.5
NIOBTv3_g32789	sp|P53163|MNP1_YEAST	40.6	165	91	4	46	204	31	194	1.0e-17	91.7
NIOBTv3_g03579	sp|Q94EJ2|HDA8_ARATH	67.5	372	119	2	16	385	4	375	5.8e-150	531.9
NIOBTv3_g32613	sp|O48921|C97B2_SOYBN	84.2	425	66	1	1	424	151	575	1.1e-215	750.4
NIOBTv3_g27297	sp|Q9C6S5|PHSB_ARATH	74.6	481	114	4	1	473	2	482	7.5e-208	724.5
NIOBTv3_g26356	sp|P81391|MYB05_ANTMA	70.4	206	46	4	1	192	1	205	1.1e-74	280.8
NIOBTv3_g37449	sp|P33490|ABP1_TOBAC	92.9	196	5	1	1	196	1	187	1.6e-103	376.7
NIOBTv3_g24831	sp|O48927|C78A3_SOYBN	65.5	539	163	3	6	544	7	522	2.1e-198	693.3
NIOBTv3_g27798	sp|Q499B3|KANL3_DANRE	28.7	202	135	5	27	223	271	468	1.1e-13	78.6
NIOBTv3_g26144	sp|Q9SZQ5|VIP3_ARATH	67.6	210	68	0	1	210	1	210	1.4e-80	301.2
NIOBTv3_g28344-D2	sp|Q9SIK7|PSNB_ARATH	58.9	436	139	4	1	435	1	397	1.4e-120	434.5
NIOBTv3_g19981	sp|O22759|IDD12_ARATH	47.7	434	118	11	21	429	3	352	1.9e-89	331.3
NIOBTv3_g26878	sp|Q9C652|RBP1_ARATH	43.7	343	166	11	3	338	2	324	5.2e-57	223.0
NIOBTv3_g12224-D2	sp|Q9LV33|BGL44_ARATH	71.5	505	137	2	4	507	12	510	7.9e-224	777.7
NIOBTv3_g08071	sp|O80377|RSSA_DAUCA	80.0	275	40	4	1	261	1	274	2.1e-120	433.3
NIOBTv3_g35316	sp|O48788|Y2267_ARATH	71.5	663	168	9	5	653	3	658	1.6e-168	594.3
NIOBTv3_g11028	sp|Q9SX77|SDH5_ARATH	72.0	182	51	0	58	239	76	257	7.3e-71	268.5
NIOBTv3_g20609	sp|Q9LT08|PSDE_ARATH	95.5	309	13	1	4	312	1	308	4.6e-166	585.1
NIOBTv3_g30068	sp|Q9M7Z1|ODB2_ARATH	57.9	432	170	3	77	506	62	483	1.2e-136	488.0
NIOBTv3_g09612	sp|O22907|RH24_ARATH	74.7	719	167	6	1	717	1	706	1.1e-285	983.8
NIOBTv3_g27624	sp|P27788|FER3_MAIZE	67.1	152	48	2	1	150	1	152	1.1e-48	194.1
NIOBTv3_g15317	sp|Q8LC68|NRP2_ARATH	75.4	224	51	2	1	223	1	221	2.4e-90	333.2
NIOBTv3_g03737	sp|P43643|EF1A_TOBAC	98.9	447	5	0	1	447	1	447	2.3e-259	895.6
NIOBTv3_g00871	sp|Q9FZD9|DUF3_ARATH	29.8	409	259	9	12	408	8	400	3.7e-38	161.8
NIOBTv3_g00871	sp|Q9FZD9|DUF3_ARATH	23.0	836	404	22	12	838	8	612	6.3e-38	161.0
NIOBTv3_g01824	sp|Q9LIK9|APS1_ARATH	79.7	469	89	5	1	469	1	463	3.2e-219	762.3
NIOBTv3_g07461	sp|Q9S752|LOFG2_ARATH	68.0	334	93	7	34	359	42	369	5.7e-107	389.0
NIOBTv3_g13098	sp|Q6H805|ORR24_ORYSJ	40.3	702	312	15	1	674	1	623	8.8e-93	342.8
NIOBTv3_g59365-D2	sp|P32026|DEF_TOBAC	94.0	67	4	0	1	67	31	97	4.2e-32	137.9
NIOBTv3_g56470	sp|Q8L3W1|VRN1_ARATH	28.5	351	188	9	24	329	3	335	2.6e-24	114.8
NIOBTv3_g05218	sp|Q8H1D6|RBK1_ARATH	61.3	395	147	4	110	503	78	467	2.4e-140	500.4
NIOBTv3_g22019	sp|Q9C642|DCL_ARATH	48.2	114	59	0	82	195	101	214	1.5e-29	131.0
NIOBTv3_g19361	sp|O23523|RGGA_ARATH	60.1	203	71	8	164	363	160	355	3.2e-25	117.5
NIOBTv3_g33572	sp|Q8VZ10|SOQ1_ARATH	31.1	148	88	5	94	234	752	892	6.7e-05	50.4
NIOBTv3_g05164	sp|Q94AA4|PFKA3_ARATH	81.2	479	84	4	1	479	1	473	5.6e-227	788.1
NIOBTv3_g25829	sp|Q84K70|HIP31_ARATH	72.8	136	36	1	2	136	5	140	1.5e-52	206.8
NIOBTv3_g30192	sp|F4I5Q2|FBT8_ARATH	61.2	358	134	2	1	358	186	538	2.5e-107	390.2
NIOBTv3_g10797	sp|O64682|PID_ARATH	65.6	439	135	8	15	442	5	438	1.3e-150	534.3
NIOBTv3_g32425	sp|B8BK80|KTI12_ORYSI	72.8	301	82	0	1	301	1	301	1.6e-123	443.7
NIOBTv3_g34556	sp|C3MAW8|RL1_SINFN	47.0	230	112	4	173	399	10	232	9.1e-45	182.6
NIOBTv3_g27006	sp|Q9HFF5|PDS5_SCHPO	29.1	175	120	3	31	203	17	189	4.3e-12	75.1
NIOBTv3_g01552	sp|P25848|PHY1_CERPU	37.3	300	169	9	246	531	1005	1299	3.4e-44	181.4
NIOBTv3_g25816	sp|Q84JL3|SINA3_ARATH	78.8	330	63	3	1	328	1	325	1.0e-155	550.8
NIOBTv3_g15672	sp|A0A3Q7ELQ2|MTB1_SOLLC	85.6	606	75	7	1	598	1	602	1.7e-286	986.1
NIOBTv3_g63374	sp|Q6NMR8|FAF3_ARATH	35.5	183	116	2	115	296	107	288	1.1e-18	95.5
NIOBTv3_g17331	sp|O80800|ACPM2_ARATH	75.0	128	30	2	1	128	1	126	4.1e-44	178.7
NIOBTv3_g03471	sp|Q9LTA6|WAV3_ARATH	26.8	436	254	13	62	449	97	515	8.8e-24	113.2
NIOBTv3_g10214	sp|Q6YJI5|TRM11_CHICK	40.5	363	194	6	6	357	69	420	1.8e-77	291.2
NIOBTv3_g05470	sp|Q3EAF9|P2C49_ARATH	66.1	319	103	3	6	321	67	383	6.8e-120	431.8
NIOBTv3_g27532	sp|Q9LU89|2A5N_ARATH	79.0	424	88	1	77	499	87	510	1.1e-199	697.6
NIOBTv3_g32988	sp|P23525|IN37_SPIOL	77.7	345	70	4	1	339	1	344	6.1e-156	551.6
NIOBTv3_g40758	sp|Q9SX80|R47CP_ARATH	70.6	343	88	6	118	458	103	434	1.1e-131	471.5
NIOBTv3_g08679	sp|Q9XF97|RL4_PRUAR	82.5	406	68	2	2	405	4	408	2.0e-185	649.8
NIOBTv3_g64924-D2	sp|Q96372|CDC48_CAPAN	95.8	806	32	2	1	805	1	805	0.0e+00	1465.3
NIOBTv3_g16184	sp|Q86JM5|Y2012_DICDI	31.2	250	158	6	21	266	39	278	6.0e-24	112.8
NIOBTv3_g19373	sp|B8AXC3|AP21_ORYSI	60.6	292	106	4	137	421	161	450	6.0e-93	342.8
NIOBTv3_g02132	sp|F4I9E1|NFD4_ARATH	24.1	547	375	15	26	559	43	562	5.7e-27	124.0
NIOBTv3_g24703-D3	sp|Q43291|RL211_ARATH	84.1	164	26	0	1	164	1	164	8.0e-77	287.7
NIOBTv3_g01046	sp|Q9M2S4|LRKS4_ARATH	60.2	625	238	6	13	628	8	630	8.4e-213	741.5
NIOBTv3_g15890	sp|O22938|PXC3_ARATH	71.0	397	115	0	494	890	492	888	1.4e-159	565.1
NIOBTv3_g24392	sp|P45432|CSN1_ARATH	77.8	445	93	2	1	444	1	440	5.7e-194	678.3
NIOBTv3_g27441	sp|Q0VC80|YRDC_BOVIN	48.0	175	83	3	2	171	98	269	8.4e-40	164.9
NIOBTv3_g56002-D3	sp|Q285L8|RS3A_TOBAC	97.7	257	6	0	1	257	5	261	1.2e-138	493.8
NIOBTv3_g15755	sp|F6HH45|TRM52_VITVI	66.4	512	147	5	4	507	3	497	1.3e-186	654.1
NIOBTv3_g36218	sp|O82528|RL15_PETHY	96.1	204	8	0	1	204	1	204	2.1e-111	402.9
NIOBTv3_g33573	sp|F4K3G5|EDM2_ARATH	45.1	907	419	16	26	865	29	923	1.8e-208	727.6
NIOBTv3_g08078	sp|Q9FG23|CK5P3_ARATH	64.8	559	177	6	1	555	1	543	5.1e-192	672.2
NIOBTv3_g36037	sp|Q9LK57|PP226_ARATH	55.6	187	79	3	5	188	17	202	3.3e-49	197.2
NIOBTv3_g23691	sp|Q9FFN2|GLYT3_ARATH	34.9	352	198	11	134	472	177	510	1.7e-47	191.8
NIOBTv3_g23730	sp|Q0WVM4|Y2239_ARATH	72.3	622	166	3	7	623	14	634	4.5e-197	689.1
NIOBTv3_g35686	sp|B6SFA4|MAA3_ARATH	60.9	832	296	12	1	817	1	818	5.5e-275	948.3
NIOBTv3_g03077-D2	sp|Q9FPT1|UBP12_ARATH	33.3	99	64	1	3	101	85	181	6.3e-12	72.8
NIOBTv3_g29629	sp|Q39056|CNX3_ARATH	57.5	261	81	5	1	231	9	269	4.5e-65	249.2
NIOBTv3_g43056	sp|O48781|SPX2_ARATH	52.0	196	67	4	1	195	96	265	1.7e-41	170.6
NIOBTv3_g19426	sp|Q9ZU67|PP162_ARATH	48.1	360	181	3	51	408	48	403	4.8e-86	319.7
NIOBTv3_g20941	sp|Q9ASP6|HNRPQ_ARATH	70.2	406	117	3	75	478	92	495	1.2e-152	541.2
NIOBTv3_g05848	sp|Q9LUJ4|PP248_ARATH	42.4	283	154	4	27	301	11	292	1.5e-53	212.2
NIOBTv3_g39826	sp|Q8LAS8|SFGH_ARATH	82.8	279	48	0	6	284	6	284	1.4e-140	500.4
NIOBTv3_g36389	sp|Q9FKS5|CYC1B_ARATH	85.8	310	41	1	1	310	1	307	2.0e-153	543.1
NIOBTv3_g01748	sp|Q8W2X5|FL3H2_ORYSJ	23.9	301	201	8	54	343	27	310	4.2e-04	47.4
NIOBTv3_g16235	sp|Q6H7M3|HMA4_ORYSJ	70.3	920	255	1	61	980	62	963	0.0e+00	1294.6
NIOBTv3_g34445	sp|Q9SVY1|ZWIP2_ARATH	90.0	190	18	1	155	343	189	378	5.9e-106	385.6
NIOBTv3_g01131	sp|Q9XF97|RL4_PRUAR	83.7	405	65	1	2	405	4	408	3.6e-187	655.6
NIOBTv3_g20182	sp|Q0WPE9|NAT7_ARATH	81.5	523	97	0	11	533	16	538	5.7e-257	887.9
NIOBTv3_g14117	sp|Q9FI49|PP428_ARATH	55.5	517	229	1	41	556	18	534	1.1e-170	601.3
NIOBTv3_g33528	sp|Q67YI6|ATL65_ARATH	40.5	417	199	9	30	414	5	404	4.4e-63	243.4
NIOBTv3_g21794	sp|Q9LPK6|AEE9_ARATH	63.0	543	192	6	79	614	9	549	3.8e-204	712.6
NIOBTv3_g32085	sp|Q9FUA4|SPT_ARATH	48.4	182	72	3	132	310	192	354	2.7e-28	127.5
NIOBTv3_g18871-D2	sp|P42731|PABP2_ARATH	59.2	671	197	5	1	639	4	629	1.2e-203	711.1
NIOBTv3_g22511	sp|P37707|B2_DAUCA	33.6	131	77	3	112	235	72	199	9.1e-13	76.6
NIOBTv3_g31302	sp|Q41350|OLP1_SOLLC	86.9	252	33	0	1	252	1	252	2.2e-134	479.6
NIOBTv3_g01935	sp|F4JI46|RGAP2_ARATH	78.2	275	51	3	38	305	45	317	5.0e-120	432.6
NIOBTv3_g01678-D2	sp|Q8FS51|RL30_COREF	46.3	54	29	0	19	72	3	56	7.0e-05	48.1
NIOBTv3_g24465	sp|F4IGA5|NU133_ARATH	55.4	1332	528	16	69	1386	6	1285	0.0e+00	1387.1
NIOBTv3_g18871	sp|Q9FXA2|PABP8_ARATH	68.8	629	183	4	39	657	45	670	1.2e-216	754.2
NIOBTv3_g27502	sp|Q0JBP5|LOGL6_ORYSJ	28.9	194	104	6	77	260	4	173	3.4e-07	57.4
NIOBTv3_g03737-D3	sp|P43643|EF1A_TOBAC	98.4	447	7	0	1	447	1	447	1.5e-258	892.9
NIOBTv3_g13982	sp|Q9LT67|BH113_ARATH	46.8	222	101	9	28	245	50	258	4.1e-35	149.8
NIOBTv3_g03804	sp|Q67XX3|FB252_ARATH	75.3	458	105	4	58	511	49	502	4.0e-207	722.2
NIOBTv3_g22653	sp|Q5FW14|CHMP7_XENTR	27.8	374	239	12	28	380	10	373	3.2e-19	97.8
NIOBTv3_g22310	sp|Q9FH40|TA14B_ARATH	66.7	231	76	1	53	282	37	267	9.2e-89	328.2
NIOBTv3_g35932	sp|Q9SJM3|KIPK2_ARATH	41.8	919	430	17	33	858	43	949	2.6e-163	577.4
NIOBTv3_g03224	sp|Q9FME2|NTF2_ARATH	45.9	375	162	10	1	357	15	366	1.3e-68	261.9
NIOBTv3_g01415	sp|Q84LG2|BZP68_ARATH	68.4	313	76	7	28	337	36	328	8.6e-72	272.3
NIOBTv3_g00535	sp|Q9FED2|HA22E_ARATH	75.0	100	25	0	1	100	1	100	2.2e-37	156.4
NIOBTv3_g34097	sp|Q9SHL7|RP44A_ARATH	79.1	936	188	5	1	931	1	933	0.0e+00	1487.6
NIOBTv3_g23134	sp|O23661|ARFC_ARATH	65.8	395	133	2	49	442	51	444	1.2e-151	538.5
NIOBTv3_g07099	sp|Q8L4R0|TGD1_ARATH	78.1	315	63	2	45	359	42	350	7.0e-134	478.4
NIOBTv3_g04493	sp|F4KBP5|CHR4_ARATH	46.8	111	45	3	534	638	1662	1764	2.0e-17	92.8
NIOBTv3_g28631	sp|F4IZC4|BASS4_ARATH	66.9	338	110	2	81	416	99	436	1.0e-115	418.3
NIOBTv3_g03737-D2	sp|P43643|EF1A_TOBAC	98.7	447	6	0	1	447	1	447	2.5e-258	892.1
NIOBTv3_g04424	sp|Q9ZR04|CCD61_ARATH	47.2	299	131	7	1	282	1	289	4.2e-61	236.5
NIOBTv3_g35290	sp|Q39224|SRG1_ARATH	52.4	347	161	3	14	356	11	357	8.2e-106	385.2
NIOBTv3_g40251	sp|P56821|EIF3B_TOBAC	92.1	737	38	4	1	735	1	719	0.0e+00	1318.1
NIOBTv3_g29078	sp|Q940P8|TCPB_ARATH	89.5	522	55	0	1	522	3	524	9.5e-265	913.7
NIOBTv3_g29079	sp|Q5BLD8|MT21A_DANRE	36.7	177	98	3	2	178	14	176	2.0e-20	101.3
